<?xml version="1.0" encoding="UTF-8"?>
<!-- Generated by org.testng.reporters.JUnitReportReporter -->
<testsuite skipped="0" hostname="DESKTOP-P1FTGIL" name="Practice_Package.Testscript_1Test" tests="4" failures="0" timestamp="2023-04-03T09:48:37 IST" time="0.024" errors="0">
  <testcase name="delete" time="0.016" classname="Practice_Package.Testscript_1Test"/>
  <system-out/>
  <testcase name="create" time="0.003" classname="Practice_Package.Testscript_1Test"/>
  <system-out/>
  <testcase name="edit" time="0.002" classname="Practice_Package.Testscript_1Test"/>
  <system-out/>
  <testcase name="edit" time="0.003" classname="Practice_Package.Testscript_1Test"/>
  <system-out/>
</testsuite> <!-- Practice_Package.Testscript_1Test -->
