<?xml version="1.0" encoding="UTF-8"?>
<!-- Generated by org.testng.reporters.JUnitReportReporter -->
<testsuite hostname="DESKTOP-P1FTGIL" failures="0" tests="2" name="Practice_Package.TS_1" time="0.019" errors="0" timestamp="2023-03-27T13:16:12 IST" skipped="0">
  <testcase classname="Practice_Package.TS_1" name="script1" time="0.016"/>
  <system-out/>
  <testcase classname="Practice_Package.TS_1" name="script2" time="0.003"/>
  <system-out/>
</testsuite> <!-- Practice_Package.TS_1 -->
