<?xml version="1.0" encoding="UTF-8"?>
<!-- Generated by org.testng.reporters.JUnitReportReporter -->
<testsuite hostname="DESKTOP-P1FTGIL" failures="0" tests="2" name="Practice_Package.TS_6" time="0.017" errors="0" timestamp="2023-03-27T13:16:12 IST" skipped="0">
  <testcase classname="Practice_Package.TS_6" name="script11" time="0.003"/>
  <system-out/>
  <testcase classname="Practice_Package.TS_6" name="script12" time="0.014"/>
  <system-out/>
</testsuite> <!-- Practice_Package.TS_6 -->
