<?xml version="1.0" encoding="UTF-8"?>
<!-- Generated by org.testng.reporters.JUnitReportReporter -->
<testsuite hostname="DESKTOP-P1FTGIL" failures="0" tests="2" name="Practice_Package.DP_Test" time="0.013" errors="0" timestamp="2023-03-24T09:31:47 IST" skipped="0">
  <testcase classname="Practice_Package.DP_Test" name="getEmpDetails" time="0.010"/>
  <system-out/>
  <testcase classname="Practice_Package.DP_Test" name="getEmpDetails" time="0.003"/>
  <system-out/>
</testsuite> <!-- Practice_Package.DP_Test -->
