<?xml version="1.0" encoding="UTF-8"?>
<!-- Generated by org.testng.reporters.JUnitReportReporter -->
<testsuite hostname="DESKTOP-P1FTGIL" failures="0" tests="1" name="com.RegisterPackage.UserRegistration" time="6.284" errors="0" timestamp="2023-03-28T16:55:53 IST" skipped="0">
  <testcase classname="com.RegisterPackage.UserRegistration" name="UserRegistrations" time="6.284"/>
  <system-out>
    <![CDATA[UserRegistrations---->Testexecution started
UserRegistrations---->Testscript execution sucessful]]>
  </system-out>
</testsuite> <!-- com.RegisterPackage.UserRegistration -->
