<?xml version="1.0" encoding="UTF-8"?>
<!-- Generated by org.testng.reporters.JUnitReportReporter -->
<testsuite hostname="DESKTOP-P1FTGIL" failures="0" tests="2" name="Practice_Package.TS_7" time="0.021" errors="0" timestamp="2023-03-27T13:09:01 IST" skipped="0">
  <testcase classname="Practice_Package.TS_7" name="script13" time="0.018"/>
  <system-out/>
  <testcase classname="Practice_Package.TS_7" name="script14" time="0.003"/>
  <system-out/>
</testsuite> <!-- Practice_Package.TS_7 -->
