<?xml version="1.0" encoding="UTF-8"?>
<!-- Generated by org.testng.reporters.JUnitReportReporter -->
<testsuite hostname="DESKTOP-P1FTGIL" failures="0" tests="2" name="Practice_Package.SoftAssertTest" time="0.044" errors="0" timestamp="2023-03-27T17:29:00 IST" skipped="0">
  <testcase classname="Practice_Package.SoftAssertTest" name="test2" time="0.005"/>
  <system-out>
    <![CDATA[=======TestScript4=====
=======TestScript5=====
=======TestScript6=====]]>
  </system-out>
  <testcase classname="Practice_Package.SoftAssertTest" name="test1" time="0.039"/>
  <system-out>
    <![CDATA[=======TestScript1=====
=======TestScript2=====
=======TestScript3=====]]>
  </system-out>
</testsuite> <!-- Practice_Package.SoftAssertTest -->
