<?xml version="1.0" encoding="UTF-8"?>
<!-- Generated by org.testng.reporters.JUnitReportReporter -->
<testsuite hostname="DESKTOP-P1FTGIL" failures="0" tests="3" name="Practice_Package.DataProv" time="0.015" errors="0" timestamp="2023-03-24T12:55:09 IST" skipped="0">
  <testcase classname="Practice_Package.DataProv" name="getData" time="0.003"/>
  <system-out/>
  <testcase classname="Practice_Package.DataProv" name="getData" time="0.001"/>
  <system-out/>
  <testcase classname="Practice_Package.DataProv" name="getData" time="0.011"/>
  <system-out/>
</testsuite> <!-- Practice_Package.DataProv -->
