<?xml version="1.0" encoding="UTF-8"?>
<!-- Generated by org.testng.reporters.JUnitReportReporter -->
<testsuite hostname="DESKTOP-P1FTGIL" failures="0" tests="2" name="Practice_Package.AnnotationTest" time="0.016" errors="0" timestamp="2023-03-23T17:54:30 IST" skipped="0">
  <testcase classname="Practice_Package.AnnotationTest" name="testScript_2" time="0.005"/>
  <system-out/>
  <testcase classname="Practice_Package.AnnotationTest" name="testScript_1" time="0.011"/>
  <system-out/>
</testsuite> <!-- Practice_Package.AnnotationTest -->
