<?xml version="1.0" encoding="UTF-8"?>
<!-- Generated by org.testng.reporters.JUnitReportReporter -->
<testsuite skipped="0" hostname="DESKTOP-P1FTGIL" name="Practice_Package.BuildLink" tests="1" failures="0" timestamp="2023-04-07T15:38:05 IST" time="69.275" errors="0">
  <testcase name="build" time="69.275" classname="Practice_Package.BuildLink"/>
  <system-out/>
</testsuite> <!-- Practice_Package.BuildLink -->
