<?xml version="1.0" encoding="UTF-8"?>
<!-- Generated by org.testng.reporters.JUnitReportReporter -->
<testsuite hostname="DESKTOP-P1FTGIL" failures="0" tests="2" name="Practice_Package.TS_3" time="0.007" errors="0" timestamp="2023-03-27T13:16:12 IST" skipped="0">
  <testcase classname="Practice_Package.TS_3" name="script5" time="0.003"/>
  <system-out/>
  <testcase classname="Practice_Package.TS_3" name="script6" time="0.004"/>
  <system-out/>
</testsuite> <!-- Practice_Package.TS_3 -->
